Method 'SystemVoidCosmosSystemKernelStart', ID = '0'
Method 'SystemVoidCosmosIL2CPURuntimeEngineInitializeApplication', ID = '1'
Method 'SystemVoidCosmosIL2CPURuntimeEngineFinalizeApplicationSystemInt32', ID = '2'
Method 'SystemBooleanCosmosIL2CPUVTablesImplIsInstanceSystemUInt32SystemUInt32SystemBoolean', ID = '3'
Method 'SystemVoidCosmosIL2CPUVTablesImplSetTypeInfoSystemInt32SystemUInt32SystemUInt32SystemUInt32arraySystemUInt32SystemUInt32arraySystemUInt32arraySystemUInt32SystemUInt32arraySystemUInt32array', ID = '4'
Method 'SystemVoidCosmosIL2CPUVTablesImplSetInterfaceInfoSystemInt32SystemInt32SystemUInt32', ID = '5'
Method 'SystemVoidCosmosIL2CPUVTablesImplSetMethodInfoSystemInt32SystemInt32SystemUInt32SystemUInt32', ID = '6'
Method 'SystemVoidCosmosIL2CPUVTablesImplSetInterfaceMethodInfoSystemInt32SystemInt32SystemUInt32SystemUInt32', ID = '7'
Method 'SystemUInt32CosmosIL2CPUVTablesImplGetMethodAddressForTypeSystemUInt32SystemUInt32', ID = '8'
Method 'SystemUInt32CosmosIL2CPUVTablesImplGetMethodAddressForInterfaceTypeSystemUInt32SystemUInt32', ID = '9'
Method 'SystemVoidCosmosIL2CPUExceptionHelperThrowNotImplementedSystemString', ID = '13'
Method 'SystemVoidCosmosIL2CPUExceptionHelperThrowOverflow', ID = '14'
Method 'SystemVoidCosmosIL2CPUExceptionHelperThrowInvalidOperationSystemString', ID = '15'
Method 'SystemVoidCosmosIL2CPUExceptionHelperThrowArgumentOutOfRangeSystemString', ID = '16'
Method 'SystemVoidSystemArrayctor', ID = '18'
Method 'SystemDelegatearraySystemMulticastDelegateGetInvocationList', ID = '19'
Method 'SystemVoidCosmosIL2CPUExceptionHelperThrowInvalidCastException', ID = '21'
Method 'SystemVoidCosmosIL2CPUExceptionHelperThrowNotFiniteNumberExceptionSystemDouble', ID = '22'
Method 'SystemVoidCosmosIL2CPUExceptionHelperThrowDivideByZeroException', ID = '23'
Method 'SystemVoidCosmosIL2CPUExceptionHelperThrowIndexOutOfRangeException', ID = '24'
Method 'SystemVoidZinaOSKernelctor', ID = '25'
Method 'SystemVoidCosmosDebugKernelDebuggerSendSystemString', ID = '30'
Method 'SystemVoidCosmosHALBootstrapInit', ID = '34'
Method 'CosmosHALTextScreenBaseCosmosSystemKernelGetTextScreen', ID = '35'
Method 'SystemVoidCosmosSystemGlobalInitCosmosHALTextScreenBase', ID = '36'
Method 'SystemVoidCosmosSystemKernelBeforeRun', ID = '37'
Method 'SystemVoidCosmosHALGlobalEnableInterrupts', ID = '38'
Method 'SystemVoidCosmosSystemKernelAfterRun', ID = '40'
Method 'SystemVoidCosmosIL2CPURuntimeEngineInitializeEngine', ID = '44'
Method 'SystemVoidCosmosIL2CPURuntimeEngineHeap_Initialize', ID = '45'
Method 'SystemVoidCosmosIL2CPURuntimeEngineFinalizeEngine', ID = '47'
Method 'SystemVoidCosmosIL2CPURuntimeEngineExitProcessSystemInt32', ID = '48'
Method 'SystemVoidCosmosIL2CPUVTablesImplDebugSystemString', ID = '54'
Method 'SystemVoidCosmosIL2CPUVTablesImplDebugHexSystemStringSystemUInt32', ID = '55'
Method 'SystemVoidCosmosIL2CPUVTablesImplDebugAndHaltSystemString', ID = '57'
Method 'SystemVoidCosmosDebugKernelPlugsAsmDebuggerAsmSendKernelPanicSystemUInt32', ID = '59'
Method 'SystemVoidCosmosCore_PlugsGCImplementionImplIncRefCountSystemUInt32', ID = '61'
Method 'SystemVoidCosmosCore_PlugsGCImplementionImplDecRefCountSystemUInt32', ID = '62'
Method 'SystemUInt32CosmosCore_PlugsGCImplementionImplAllocNewObjectSystemUInt32', ID = '63'
Method 'SystemVoidSystemNotImplementedExceptionctorSystemString', ID = '65'
Method 'SystemVoidSystemOverflowExceptionctorSystemString', ID = '66'
Method 'SystemVoidSystemInvalidOperationExceptionctorSystemString', ID = '67'
Method 'SystemVoidSystemArgumentOutOfRangeExceptionctorSystemString', ID = '68'
Method 'SystemDelegatearraySystemDelegateGetInvocationList', ID = '79'
Method 'SystemInt32SystemIntPtrop_ExplicitSystemIntPtr', ID = '82'
Method 'SystemVoidSystemInvalidCastExceptionctor', ID = '83'
Method 'SystemVoidSystemNotFiniteNumberExceptionctorSystemDouble', ID = '85'
Method 'SystemVoidSystemDivideByZeroExceptionctor', ID = '86'
Method 'SystemVoidSystemIndexOutOfRangeExceptionctor', ID = '87'
Method 'SystemVoidCosmosSystemKernelctor', ID = '89'
Method 'SystemVoidCosmosSystemGlobalcctor', ID = '91'
Method 'SystemVoidCosmosCore_PlugsSystemExceptionImplCtorSystemString', ID = '95'
Method 'SystemVoidCosmosCoreBootstrapInit', ID = '102'
Method 'SystemVoidCosmosSystemConsolectorCosmosHALTextScreenBase', ID = '104'
Method 'SystemVoidCosmosHALGlobalInitCosmosHALTextScreenBase', ID = '106'
Method 'SystemVoidCosmosSystemGlobalset_NumLockSystemBoolean', ID = '107'
Method 'SystemVoidCosmosSystemGlobalset_CapsLockSystemBoolean', ID = '108'
Method 'SystemVoidCosmosSystemGlobalset_ScrollLockSystemBoolean', ID = '109'
Method 'SystemVoidZinaOSKernelBeforeRun', ID = '110'
Method 'SystemVoidCosmosCoreCPUEnableInterrupts', ID = '112'
Method 'SystemVoidZinaOSKernelRun', ID = '113'
Method 'SystemVoidCosmosSystem_PlugsSystemConsoleImplWriteLineSystemString', ID = '115'
Method 'SystemStringSystemValueTypeToString', ID = '116'
Method 'SystemStringSystemStringToString', ID = '117'
Method 'SystemStringSystemBooleanToString', ID = '120'
Method 'SystemStringCosmosCore_PlugsSystemObjectImplToString', ID = '123'
Method 'SystemVoidCosmosIL2CPURuntimeEnginecctor', ID = '124'
Method 'SystemVoidSystemBooleancctor', ID = '130'
Method 'SystemVoidCosmosIL2CPUVTablesImplcctor', ID = '133'
Method 'SystemVoidCosmosDebugKernelDebuggerSendNumberSystemUInt32', ID = '135'
Method 'SystemVoidCosmosCoreMemoryOldGlobalSystemInfoEnsureInitialized', ID = '143'
Method 'SystemUInt32CosmosCoreMemoryOldHeapMemAllocSystemUInt32', ID = '144'
Method 'SystemVoidSystemSystemExceptionctorSystemString', ID = '146'
Method 'SystemVoidSystemExceptionset_HResultSystemInt32', ID = '147'
Method 'SystemVoidSystemArithmeticExceptionctorSystemString', ID = '149'
Method 'SystemStringSystemSRget_Arg_ArgumentOutOfRangeException', ID = '152'
Method 'SystemVoidSystemArgumentExceptionctorSystemStringSystemString', ID = '153'
Method 'SystemVoidCosmosCore_PlugsSystemObjectImplCtor', ID = '154'
Method 'SystemStringSystemSRget_Arg_InvalidCastException', ID = '168'
Method 'SystemVoidSystemDoublecctor', ID = '169'
Method 'SystemVoidSystemArithmeticExceptionctor', ID = '173'
Method 'SystemStringSystemSRget_Arg_DivideByZero', ID = '175'
Method 'SystemStringSystemSRget_Arg_IndexOutOfRangeException', ID = '177'
Method 'SystemVoidCosmosDebugKernelDebuggerctorSystemStringSystemString', ID = '178'
Method 'SystemVoidCosmosDebugKernelPlugsAsmDebuggerAsmDoSendSystemString', ID = '180'
Method 'SystemVoidSystemExceptioncctor', ID = '181'
Method 'SystemVoidCosmosCoreINTsDummy', ID = '185'
Method 'SystemVoidCosmosCorePICctor', ID = '186'
Method 'SystemVoidCosmosHALTextScreenctor', ID = '194'
Method 'SystemVoidCosmosCoreGlobalInit', ID = '197'
Method 'SystemVoidCosmosHALPCISetup', ID = '198'
Method 'SystemVoidCosmosCoreACPIStartSystemBooleanSystemBoolean', ID = '199'
Method 'SystemVoidCosmosHALPS2ControllerInitialize', ID = '201'
Method 'SystemVoidCosmosHALBlockDeviceIDEInitDriver', ID = '202'
Method 'SystemVoidCosmosHALBlockDeviceAHCIInitDriver', ID = '203'
Method 'SystemVoidCosmosSystemKeyboardManagerset_NumLockSystemBoolean', ID = '204'
Method 'SystemVoidCosmosSystemKeyboardManagerset_CapsLockSystemBoolean', ID = '205'
Method 'SystemVoidCosmosSystemKeyboardManagerset_ScrollLockSystemBoolean', ID = '206'
Method 'SystemVoidCosmosHALGlobalcctor', ID = '207'
Method 'SystemVoidSystemConsolecctor', ID = '213'
Method 'SystemStringSystemEnvironmentget_NewLine', ID = '215'
Method 'SystemStringSystemStringConcatSystemStringSystemString', ID = '216'
Method 'SystemVoidCosmosSystem_PlugsSystemConsoleImplWriteSystemString', ID = '217'
Method 'SystemStringCosmosSystem_PlugsSystemInt32ImplToString', ID = '219'
Method 'SystemStringCosmosSystem_PlugsSystemUInt32ImplToString', ID = '220'
Method 'SystemStringCosmosSystem_PlugsSystemDoubleImplToString', ID = '221'
Method 'SystemStringCosmosCore_PlugsSystemExceptionImplToString', ID = '222'
Method 'SystemUInt32CosmosCoreMemoryOldGlobalSystemInfoget_TotalDataLookupTableSize', ID = '234'
Method 'SystemBooleanCosmosCoreCPUDisableInterrupts', ID = '238'
Method 'SystemVoidCosmosCoreMemoryOldHeapEnsureIsInitialized', ID = '239'
Method 'CosmosCoreMemoryOldGlobalInformationTablepointerCosmosCoreMemoryOldGlobalSystemInfoget_GlobalInformationTable', ID = '240'
Method 'SystemBooleanCosmosCoreMemoryOldHeapScanDataLookupTableCosmosCoreMemoryOldDataLookupTablepointerSystemUInt32SystemUInt32', ID = '242'
Method 'CosmosCoreMemoryOldDataLookupEntrypointerCosmosCoreMemoryOldDataLookupTableGetEntrySystemUInt32', ID = '245'
Method 'SystemVoidCosmosCoreMemoryOldHeapClearMemorySystemVoidpointerSystemUInt32', ID = '247'
Method 'SystemStringSystemSRGetResourceStringSystemStringSystemString', ID = '252'
Method 'SystemDoubleSystemBitConverterInt64BitsToDoubleSystemInt64', ID = '255'
Method 'SystemStringSystemSRget_Arg_ArithmeticException', ID = '257'
Method 'SystemVoidCosmosCoreBootstrapcctor', ID = '259'
Method 'SystemVoidCosmosCoreINTsHandleInterrupt_DefaultCosmosCoreINTsIRQContext', ID = '262'
Method 'SystemVoidCosmosCoreINTsHandleInterrupt_00CosmosCoreINTsIRQContext', ID = '263'
Method 'SystemVoidCosmosCoreINTsHandleInterrupt_01CosmosCoreINTsIRQContext', ID = '264'
Method 'SystemVoidCosmosCoreINTsHandleInterrupt_02CosmosCoreINTsIRQContext', ID = '265'
Method 'SystemVoidCosmosCoreINTsHandleInterrupt_03CosmosCoreINTsIRQContext', ID = '266'
Method 'SystemVoidCosmosCoreINTsHandleInterrupt_04CosmosCoreINTsIRQContext', ID = '267'
Method 'SystemVoidCosmosCoreINTsHandleInterrupt_05CosmosCoreINTsIRQContext', ID = '268'
Method 'SystemVoidCosmosCoreINTsHandleInterrupt_06CosmosCoreINTsIRQContext', ID = '269'
Method 'SystemVoidCosmosCoreINTsHandleInterrupt_07CosmosCoreINTsIRQContext', ID = '270'
Method 'SystemVoidCosmosCoreINTsHandleInterrupt_08CosmosCoreINTsIRQContext', ID = '271'
Method 'SystemVoidCosmosCoreINTsHandleInterrupt_09CosmosCoreINTsIRQContext', ID = '272'
Method 'SystemVoidCosmosCoreINTsHandleInterrupt_0ACosmosCoreINTsIRQContext', ID = '273'
Method 'SystemVoidCosmosCoreINTsHandleInterrupt_0BCosmosCoreINTsIRQContext', ID = '274'
Method 'SystemVoidCosmosCoreINTsHandleInterrupt_0CCosmosCoreINTsIRQContext', ID = '275'
Method 'SystemVoidCosmosCoreINTsHandleInterrupt_0DCosmosCoreINTsIRQContext', ID = '276'
Method 'SystemVoidCosmosCoreINTsHandleInterrupt_0ECosmosCoreINTsIRQContext', ID = '277'
Method 'SystemVoidCosmosCoreINTsHandleInterrupt_0FCosmosCoreINTsIRQContext', ID = '278'
Method 'SystemVoidCosmosCoreINTsHandleInterrupt_10CosmosCoreINTsIRQContext', ID = '279'
Method 'SystemVoidCosmosCoreINTsHandleInterrupt_11CosmosCoreINTsIRQContext', ID = '280'
Method 'SystemVoidCosmosCoreINTsHandleInterrupt_12CosmosCoreINTsIRQContext', ID = '281'
Method 'SystemVoidCosmosCoreINTsHandleInterrupt_13CosmosCoreINTsIRQContext', ID = '282'
Method 'SystemVoidCosmosCoreINTsHandleInterrupt_20CosmosCoreINTsIRQContext', ID = '283'
Method 'SystemVoidCosmosCoreINTsHandleInterrupt_21CosmosCoreINTsIRQContext', ID = '284'
Method 'SystemVoidCosmosCoreINTsHandleInterrupt_22CosmosCoreINTsIRQContext', ID = '285'
Method 'SystemVoidCosmosCoreINTsHandleInterrupt_23CosmosCoreINTsIRQContext', ID = '286'
Method 'SystemVoidCosmosCoreINTsHandleInterrupt_24CosmosCoreINTsIRQContext', ID = '287'
Method 'SystemVoidCosmosCoreINTsHandleInterrupt_25CosmosCoreINTsIRQContext', ID = '288'
Method 'SystemVoidCosmosCoreINTsHandleInterrupt_26CosmosCoreINTsIRQContext', ID = '289'
Method 'SystemVoidCosmosCoreINTsHandleInterrupt_27CosmosCoreINTsIRQContext', ID = '290'
Method 'SystemVoidCosmosCoreINTsHandleInterrupt_28CosmosCoreINTsIRQContext', ID = '291'
Method 'SystemVoidCosmosCoreINTsHandleInterrupt_29CosmosCoreINTsIRQContext', ID = '292'
Method 'SystemVoidCosmosCoreINTsHandleInterrupt_2ACosmosCoreINTsIRQContext', ID = '293'
Method 'SystemVoidCosmosCoreINTsHandleInterrupt_2BCosmosCoreINTsIRQContext', ID = '294'
Method 'SystemVoidCosmosCoreINTsHandleInterrupt_2CCosmosCoreINTsIRQContext', ID = '295'
Method 'SystemVoidCosmosCoreINTsHandleInterrupt_2DCosmosCoreINTsIRQContext', ID = '296'
Method 'SystemVoidCosmosCoreINTsHandleInterrupt_2ECosmosCoreINTsIRQContext', ID = '297'
Method 'SystemVoidCosmosCoreINTsHandleInterrupt_2FCosmosCoreINTsIRQContext', ID = '298'
Method 'SystemVoidCosmosCoreINTsHandleInterrupt_30CosmosCoreINTsIRQContext', ID = '299'
Method 'SystemVoidCosmosCoreINTsHandleInterrupt_35CosmosCoreINTsIRQContext', ID = '300'
Method 'SystemVoidCosmosCoreINTsHandleInterrupt_40CosmosCoreINTsIRQContext', ID = '301'
Method 'SystemVoidCosmosCoreINTsHandleInterrupt_41CosmosCoreINTsIRQContext', ID = '302'
Method 'SystemVoidCosmosCoreINTsHandleInterrupt_42CosmosCoreINTsIRQContext', ID = '303'
Method 'SystemVoidCosmosCoreINTsHandleInterrupt_43CosmosCoreINTsIRQContext', ID = '304'
Method 'SystemVoidCosmosCoreINTsHandleInterrupt_44CosmosCoreINTsIRQContext', ID = '305'
Method 'SystemVoidCosmosCoreINTsHandleInterrupt_45CosmosCoreINTsIRQContext', ID = '306'
Method 'SystemVoidCosmosCoreINTsHandleInterrupt_46CosmosCoreINTsIRQContext', ID = '307'
Method 'SystemVoidCosmosCoreINTsHandleInterrupt_47CosmosCoreINTsIRQContext', ID = '308'
Method 'SystemVoidCosmosCoreINTsHandleInterrupt_48CosmosCoreINTsIRQContext', ID = '309'
Method 'SystemVoidCosmosCoreINTsHandleInterrupt_49CosmosCoreINTsIRQContext', ID = '310'
Method 'SystemVoidCosmosCoreIOGroupPICctorSystemBoolean', ID = '312'
Method 'SystemVoidCosmosCorePICRemapSystemByteSystemByteSystemByteSystemByte', ID = '313'
Method 'SystemVoidCosmosCore_AsmCPUImplUpdateIDTSystemBoolean', ID = '314'
Method 'SystemVoidCosmosCore_AsmCPUImplInitSSE', ID = '315'
Method 'SystemVoidCosmosCore_AsmCPUImplInitFloat', ID = '316'
Method 'SystemVoidCosmosCoreIOGroupTextScreenctor', ID = '318'
Method 'SystemVoidCosmosHALTextScreenBasector', ID = '319'
Method 'SystemVoidSystemCollectionsGenericList1CosmosHALPCIDevicector', ID = '329'
Method 'SystemUInt16CosmosHALPCIDeviceGetHeaderTypeSystemUInt16SystemUInt16SystemUInt16', ID = '331'
Method 'SystemVoidCosmosHALPCICheckBusSystemUInt16', ID = '332'
Method 'SystemUInt16CosmosHALPCIDeviceGetVendorIDSystemUInt16SystemUInt16SystemUInt16', ID = '333'
Method 'SystemBooleanCosmosCoreACPIInit', ID = '335'
Method 'SystemVoidCosmosCoreACPIEnable', ID = '336'
Method 'SystemVoidCosmosHALPS2ControllerSendCommandCosmosHALPS2ControllerCommandSystemNullable1SystemByte', ID = '339'
Method 'SystemByteCosmosHALPS2ControllerReadData', ID = '340'
Method 'SystemBooleanCosmosHALPS2ControllerWaitToReadData', ID = '341'
Method 'SystemVoidSystemNullable1SystemBytectorSystemByte', ID = '342'
Method 'SystemBooleanCosmosHALPS2ControllerTestPortSystemByte', ID = '343'
Method 'SystemVoidCosmosHALPS2ControllerIdentifyDeviceSystemByteCosmosHALDevice', ID = '344'
Method 'SystemVoidCosmosHALBlockDeviceIDEInitializeCosmosHALBlockDeviceAtaControllerIdEnumCosmosHALBlockDeviceAtaBusPositionEnum', ID = '347'
Method 'SystemVoidCosmosHALBlockDeviceAHCIctorCosmosHALPCIDevice', ID = '350'
Method 'SystemVoidCosmosHALPITctor', ID = '355'
Method 'SystemVoidCosmosHALPS2Controllerctor', ID = '357'
Method 'SystemVoidCosmosCore_AsmCPUImplDoEnableInterrupts', ID = '358'
Method 'SystemStringCosmosSystem_PlugsSystemConsoleImplReadLine', ID = '359'
Method 'SystemVoidCosmosSystem_PlugsSystemConsoleImplcctor', ID = '363'
Method 'SystemBooleanSystemStringIsNullOrEmptySystemString', ID = '365'
Method 'SystemVoidSystemStringFillStringCheckedSystemStringSystemInt32SystemString', ID = '368'
Method 'CosmosSystemConsoleCosmosSystem_PlugsSystemConsoleImplGetConsole', ID = '369'
Method 'SystemBytearraySystemTextEncodingGetBytesSystemString', ID = '371'
Method 'SystemVoidCosmosSystemConsoleWriteSystemBytearray', ID = '372'
Method 'SystemTypeCosmosCore_PlugsSystemObjectImplGetType', ID = '374'
Method 'SystemStringCosmosCommonStringHelperGetNumberStringSystemInt32', ID = '377'
Method 'SystemStringCosmosCommonStringHelperGetNumberStringSystemUInt32', ID = '380'
Method 'SystemStringCosmosCommonStringHelperGetNumberStringSystemDouble', ID = '383'
Method 'SystemVoidCosmosCore_PlugsSystemObjectImplcctor', ID = '385'
Method 'SystemVoidCosmosDebugKernelPlugsAsmDebuggerAsmDoSendNumberSystemUInt32', ID = '386'
Method 'SystemUInt32CosmosCore_AsmCPUImplGetEndOfKernel', ID = '387'
Method 'SystemVoidCosmosCore_AsmCPUImplZeroFillSystemUInt32SystemUInt32', ID = '388'
Method 'SystemVoidCosmosCoreMemoryOldHeapcctor', ID = '389'
Method 'SystemVoidCosmosCoreMemoryOldHeapDoInitializeSystemUInt32', ID = '393'
Method 'SystemVoidSystemSRcctor', ID = '398'
Method 'SystemStringCosmosSystem_PlugsSystemIntPtrImplToString', ID = '401'
Method 'SystemVoidCosmosCoreCPUctor', ID = '404'
Method 'SystemVoidCosmosCoreINTscctor', ID = '405'
Method 'CosmosCorePICCosmosCoreGlobalget_PIC', ID = '407'
Method 'SystemVoidCosmosCorePICEoiSlave', ID = '408'
Method 'SystemVoidCosmosCorePICEoiMaster', ID = '409'
Method 'SystemVoidCosmosCoreINTsHandleExceptionSystemUInt32SystemStringSystemStringCosmosCoreINTsIRQContextSystemUInt32', ID = '410'
Method 'SystemVoidCosmosCore_AsmDelegateImplInvoke', ID = '608'
Method 'SystemVoidCosmosCoreINTsIRQSystemUInt32CosmosCoreINTsIRQContext', ID = '414'
Method 'SystemVoidCosmosCoreIOPortctorSystemUInt16', ID = '417'
Method 'SystemVoidCosmosCoreIOGroupIOGroupctor', ID = '418'
Method 'SystemByteCosmosCoreIOPortget_Byte', ID = '420'
Method 'SystemVoidCosmosCoreIOPortset_ByteSystemByte', ID = '421'
Method 'SystemVoidCosmosCoreIOPortWait', ID = '422'
Method 'SystemVoidCosmosCoreMemoryBlockctorSystemUInt32SystemUInt32', ID = '424'
Method 'SystemVoidCosmosHALDevicector', ID = '425'
Method 'SystemVoidCosmosHALTextScreenSetColorsSystemConsoleColorSystemConsoleColor', ID = '428'
Method 'SystemUInt16CosmosHALTextScreenget_Cols', ID = '430'
Method 'SystemUInt16CosmosHALTextScreenget_Rows', ID = '431'
Method 'SystemVoidCosmosHALTextScreenSetCursorSizeSystemInt32', ID = '432'
Method 'SystemVoidCosmosHALTextScreenSetCursorVisibleSystemBoolean', ID = '433'
Method 'SystemVoidCosmosCoreGlobalcctor', ID = '434'
Method 'SystemUInt32CosmosHALPCIDeviceGetAddressBaseSystemUInt32SystemUInt32SystemUInt32', ID = '438'
Method 'SystemVoidCosmosCoreIOPortset_DWordSystemUInt32', ID = '441'
Method 'SystemUInt32CosmosCoreIOPortget_DWord', ID = '442'
Method 'SystemVoidCosmosHALPCIDevicectorSystemUInt32SystemUInt32SystemUInt32', ID = '443'
Method 'SystemVoidCosmosHALPCICheckFunctionCosmosHALPCIDevice', ID = '444'
Method 'SystemVoidCosmosCoreACPIcctor', ID = '445'
Method 'SystemUInt32CosmosCoreACPIRSDPAddress', ID = '446'
Method 'SystemInt32CosmosCoreACPIacpiCheckHeaderSystemBytepointerSystemString', ID = '447'
Method 'SystemInt32pointerCosmosCoreACPIfacpgetSystemInt32', ID = '449'
Method 'SystemInt32CosmosCoreACPICompareSystemStringSystemBytepointer', ID = '450'
Method 'SystemByteCosmosCoreACPIfacpbgetSystemInt32', ID = '454'
Method 'SystemStringSystemNullable1SystemByteToString', ID = '465'
Method 'SystemBooleanCosmosHALPS2ControllerWaitToWrite', ID = '467'
Method 'SystemVoidCosmosCoreIOPortWriteset_ByteSystemByte', ID = '469'
Method 'SystemBooleanSystemNullable1SystemByteget_HasValue', ID = '470'
Method 'SystemByteSystemNullable1SystemByteget_Value', ID = '471'
Method 'SystemByteCosmosCoreIOPortReadget_Byte', ID = '472'
Method 'SystemStringCosmosCommonExtensionsToHexStringToHexSystemByte', ID = '473'
Method 'SystemStringSystemStringConcatSystemObjectarray', ID = '474'
Method 'SystemStringSystemStringConcatSystemObjectSystemObjectSystemObject', ID = '475'
Method 'SystemVoidCosmosHALPS2ControllerSendDeviceCommandCosmosHALPS2ControllerDeviceCommandSystemBooleanSystemNullable1SystemByte', ID = '477'
Method 'SystemBooleanCosmosHALPS2ControllerReadByteAfterAckWithTimeoutSystemByte', ID = '478'
Method 'SystemVoidCosmosHALPS2MousectorSystemByteSystemByte', ID = '479'
Method 'SystemBooleanCosmosHALPS2ControllerReadDataWithTimeoutSystemByte', ID = '481'
Method 'SystemVoidCosmosHALPS2KeyboardctorSystemByte', ID = '482'
Method 'SystemVoidCosmosHALBlockDeviceIDEcctor', ID = '484'
Method 'SystemVoidCosmosHALBlockDeviceAtaPioctorCosmosCoreIOGroupATACosmosHALBlockDeviceAtaControllerIdEnumCosmosHALBlockDeviceAtaBusPositionEnum', ID = '489'
Method 'CosmosHALBlockDeviceAtaPioSpecLevelCosmosHALBlockDeviceAtaPioget_DriveType', ID = '490'
Method 'SystemVoidSystemCollectionsGenericList1CosmosHALBlockDeviceBlockDeviceAddCosmosHALBlockDeviceBlockDevice', ID = '493'
Method 'SystemVoidCosmosHALBlockDeviceMBRctorSystemBytearray', ID = '497'
Method 'SystemVoidCosmosHALBlockDeviceEBRctorSystemBytearray', ID = '499'
Method 'SystemInt32SystemCollectionsGenericList1CosmosHALBlockDeviceEBRPartInfoget_Count', ID = '501'
Method 'SystemInt32SystemCollectionsGenericList1CosmosHALBlockDeviceMBRPartInfoget_Count', ID = '502'
Method 'SystemVoidCosmosDebugKernelDebuggerSendNumberSystemInt32', ID = '503'
Method 'CosmosHALBlockDeviceMBRPartInfoSystemCollectionsGenericList1CosmosHALBlockDeviceMBRPartInfoget_ItemSystemInt32', ID = '504'
Method 'SystemStringSystemStringConcatSystemObjectSystemObject', ID = '505'
Method 'SystemVoidCosmosHALBlockDevicePartitionctorCosmosHALBlockDeviceBlockDeviceSystemUInt64SystemUInt64', ID = '507'
Method 'SystemVoidCosmosHALBlockDeviceAHCIcctor', ID = '508'
Method 'SystemVoidCosmosHALPCIDeviceEnableBusMasterSystemBoolean', ID = '509'
Method 'SystemVoidCosmosHALPCIDeviceEnableMemorySystemBoolean', ID = '510'
Method 'SystemUInt32CosmosHALPCIBaseAddressBarget_BaseAddress', ID = '511'
Method 'SystemVoidCosmosHALBlockDeviceRegistersGenericRegistersctorSystemUInt32', ID = '513'
Method 'SystemUInt32CosmosHALBlockDeviceRegistersGenericRegistersget_GlobalHostControl', ID = '515'
Method 'SystemVoidCosmosHALBlockDeviceRegistersGenericRegistersset_GlobalHostControlSystemUInt32', ID = '516'
Method 'SystemVoidCosmosHALBlockDeviceAHCIGetCapabilities', ID = '517'
Method 'SystemVoidSystemCollectionsGenericList1CosmosHALBlockDevicePortsStoragePortset_CapacitySystemInt32', ID = '520'
Method 'SystemVoidCosmosHALBlockDeviceAHCIGetPorts', ID = '521'
Method 'SystemCollectionsGenericList1EnumeratorCosmosHALBlockDevicePortsStoragePortSystemCollectionsGenericList1CosmosHALBlockDevicePortsStoragePortGetEnumerator', ID = '522'
Method 'CosmosHALBlockDevicePortsStoragePortSystemCollectionsGenericList1EnumeratorCosmosHALBlockDevicePortsStoragePortget_Current', ID = '523'
Method 'SystemBooleanSystemCollectionsGenericList1EnumeratorCosmosHALBlockDevicePortsStoragePortMoveNext', ID = '530'
Method 'SystemVoidCosmosSystemKeyboardManagercctor', ID = '533'
Method 'SystemVoidSystemCollectionsGenericList1CosmosHALPITPITTimerctor', ID = '535'
Method 'SystemVoidCosmosHALPITHandleIRQCosmosCoreINTsIRQContext', ID = '536'
Method 'SystemVoidCosmosCore_AsmDelegateImplCtorSystemObjectSystemIntPtr', ID = '760'
Method 'SystemVoidCosmosCoreINTsSetIrqHandlerSystemByteCosmosCoreINTsIRQDelegate', ID = '538'
Method 'SystemVoidCosmosHALPITset_T0CountdownSystemUInt16', ID = '539'
Method 'SystemVoidSystemCollectionsGenericList1SystemCharctorSystemInt32', ID = '540'
Method 'CosmosSystemConsoleKeyExCosmosSystemKeyEventget_Key', ID = '541'
Method 'SystemInt32CosmosSystemConsoleget_X', ID = '542'
Method 'SystemVoidSystemCollectionsGenericList1SystemCharRemoveAtSystemInt32', ID = '543'
Method 'SystemVoidCosmosSystemConsoleset_XSystemInt32', ID = '544'
Method 'SystemCharSystemCollectionsGenericList1SystemCharget_ItemSystemInt32', ID = '545'
Method 'SystemVoidCosmosSystem_PlugsSystemConsoleImplWriteSystemChar', ID = '546'
Method 'SystemInt32SystemCollectionsGenericList1SystemCharget_Count', ID = '547'
Method 'SystemCharCosmosSystemKeyEventget_KeyChar', ID = '548'
Method 'SystemVoidSystemCollectionsGenericList1SystemCharAddSystemChar', ID = '549'
Method 'SystemVoidSystemCollectionsGenericList1SystemCharctor', ID = '550'
Method 'CosmosSystemKeyEventCosmosSystemKeyboardManagerReadKey', ID = '551'
Method 'SystemVoidCosmosSystem_PlugsSystemConsoleImplWriteLine', ID = '552'
Method 'SystemChararraySystemCollectionsGenericList1SystemCharToArray', ID = '553'
Method 'SystemTextEncodingSystemTextEncodingget_ASCII', ID = '557'
Method 'SystemInt32CosmosCore_PlugsSystemStringImplget_LengthSystemInt32', ID = '561'
Method 'SystemStringCosmosCore_PlugsSystemStringImplFastAllocateStringSystemInt32', ID = '562'
Method 'SystemVoidSystemStringwstrcpySystemCharpointerSystemCharpointerSystemInt32', ID = '563'
Method 'SystemStringSystemSRget_ArgumentNull_String', ID = '566'
Method 'SystemVoidSystemArgumentNullExceptionctorSystemStringSystemString', ID = '567'
Method 'SystemInt32SystemTextEncodingGetByteCountSystemString', ID = '568'
Method 'SystemInt32SystemTextEncodingGetBytesSystemStringSystemInt32SystemInt32SystemBytearraySystemInt32', ID = '569'
Method 'SystemVoidCosmosSystemConsoleDoLineFeed', ID = '570'
Method 'SystemVoidCosmosSystemConsoleDoCarriageReturn', ID = '571'
Method 'SystemVoidCosmosSystemConsoleDoTab', ID = '572'
Method 'SystemVoidCosmosSystemConsoleWriteSystemByte', ID = '573'
Method 'SystemStringSystemTypeToString', ID = '576'
Method 'SystemVoidCosmosCoreCosmosRuntimeTypectorSystemUInt32', ID = '580'
Method 'SystemInt64SystemBitConverterDoubleToInt64BitsSystemDouble', ID = '582'
Method 'SystemStringSystemCharToString', ID = '584'
Method 'SystemStringSystemStringSubstringSystemInt32SystemInt32', ID = '587'
Method 'SystemStringSystemArgumentOutOfRangeExceptionget_Message', ID = '588'
Method 'SystemStringSystemArgumentExceptionget_Message', ID = '589'
Method 'SystemStringCosmosCore_PlugsSystemExceptionImplget_Message', ID = '590'
Method 'SystemVoidCosmosCore_AsmCPUImplDoDisableInterrupts', ID = '591'
Method 'SystemUInt32CosmosCore_AsmCPUImplGetAmountOfRAM', ID = '592'
Method 'SystemStringCosmosCore_PlugsSystemSRImplInternalGetResourceStringSystemString', ID = '596'
Method 'SystemBooleanCosmosCore_PlugsSystemStringImplEqualsSystemStringSystemStringComparison', ID = '598'
Method 'SystemVoidSystemBitConvertercctor', ID = '603'
Method 'SystemVoidCosmosCoreINTsPutErrorCharSystemInt32SystemInt32SystemChar', ID = '606'
Method 'SystemVoidCosmosCoreINTsPutErrorStringSystemInt32SystemInt32SystemString', ID = '607'
Method 'SystemVoidCosmosCoreIOPortBasectorSystemUInt16', ID = '610'
Method 'SystemVoidCosmosCoreMemoryBlock08ctorSystemUInt32SystemUInt32', ID = '617'
Method 'SystemVoidCosmosCoreMemoryBlock16ctorSystemUInt32SystemUInt32', ID = '618'
Method 'SystemVoidCosmosCoreMemoryBlock32ctorSystemUInt32SystemUInt32', ID = '619'
Method 'SystemVoidCosmosCoreBaseIOGroupsctor', ID = '626'
Method 'SystemVoidSystemCollectionsGenericList1CosmosHALPCIDevicecctor', ID = '627'
Method 'SystemVoidCosmosHALPCIDevicecctor', ID = '633'
Method 'SystemUInt16CosmosHALPCIDeviceReadRegister16SystemByte', ID = '636'
Method 'SystemByteCosmosHALPCIDeviceReadRegister8SystemByte', ID = '637'
Method 'SystemVoidCosmosHALPCIDeviceset_InterruptLineSystemByte', ID = '638'
Method 'SystemUInt32CosmosHALPCIDeviceReadRegister32SystemByte', ID = '640'
Method 'SystemVoidCosmosHALPCIBaseAddressBarctorSystemUInt32', ID = '641'
Method 'SystemVoidSystemCollectionsGenericList1CosmosHALPCIDeviceAddCosmosHALPCIDevice', ID = '642'
Method 'SystemBooleanCosmosCoreACPICheck_RSDSystemUInt32', ID = '644'
Method 'SystemVoidSystemThrowHelperThrowInvalidOperationExceptionSystemExceptionResource', ID = '648'
Method 'SystemStringCosmosCommonExtensionsToHexStringConvertToHexSystemUInt32SystemInt32', ID = '651'
Method 'SystemVoidSystemArgumentNullExceptionctorSystemString', ID = '652'
Method 'SystemStringSystemStringConcatSystemStringSystemStringSystemString', ID = '654'
Method 'SystemBooleanCosmosHALPS2ControllerWaitForAck', ID = '656'
Method 'SystemVoidCosmosHALMouseBasector', ID = '659'
Method 'SystemVoidCosmosHALPS2MouseInitialize', ID = '661'
Method 'SystemVoidCosmosHALKeyboardBasector', ID = '663'
Method 'SystemVoidCosmosHALPS2KeyboardInitialize', ID = '665'
Method 'CosmosHALPCIDeviceCosmosHALPCIGetDeviceClassCosmosHALClassIDCosmosHALSubclassID', ID = '666'
Method 'SystemVoidCosmosCoreBaseIOGroupscctor', ID = '667'
Method 'SystemVoidCosmosHALBlockDeviceAtactor', ID = '670'
Method 'CosmosHALBlockDeviceAtaPioSpecLevelCosmosHALBlockDeviceAtaPioDiscoverDrive', ID = '671'
Method 'SystemVoidCosmosHALBlockDeviceAtaPioInitDrive', ID = '672'
Method 'SystemVoidCosmosHALBlockDeviceBlockDevicecctor', ID = '674'
Method 'SystemVoidSystemCollectionsGenericList1CosmosHALBlockDeviceBlockDeviceAddWithResizeCosmosHALBlockDeviceBlockDevice', ID = '676'
Method 'SystemVoidCosmosHALBlockDeviceAtacctor', ID = '677'
Method 'SystemStringCosmosHALBlockDeviceAtaToString', ID = '678'
Method 'SystemVoidCosmosHALBlockDeviceAtaPioReadBlockSystemUInt64SystemUInt64SystemBytearray', ID = '681'
Method 'SystemVoidSystemCollectionsGenericList1CosmosHALBlockDeviceMBRPartInfoctor', ID = '682'
Method 'SystemVoidCosmosHALBlockDeviceMBRParsePartitionSystemBytearraySystemUInt32', ID = '683'
Method 'SystemVoidSystemCollectionsGenericList1CosmosHALBlockDeviceEBRPartInfoctor', ID = '684'
Method 'SystemVoidCosmosHALBlockDeviceEBRParsePartitionSystemBytearraySystemUInt32', ID = '685'
Method 'SystemVoidSystemThrowHelperThrowArgumentOutOfRange_IndexException', ID = '689'
Method 'SystemVoidCosmosHALBlockDeviceBlockDevicector', ID = '691'
Method 'SystemUInt64CosmosHALBlockDeviceBlockDeviceget_BlockSize', ID = '692'
Method 'CosmosHALPCIDeviceCosmosHALPCIGetDeviceClassCosmosHALClassIDCosmosHALSubclassIDCosmosHALProgramIF', ID = '693'
Method 'SystemVoidSystemCollectionsGenericList1CosmosHALBlockDevicePortsStoragePortctor', ID = '694'
Method 'SystemVoidCosmosHALPCIDeviceWriteRegister16SystemByteSystemUInt16', ID = '695'
Method 'SystemUInt32CosmosCoreMemoryBlockget_ItemSystemUInt32', ID = '697'
Method 'SystemVoidCosmosCoreMemoryBlockset_ItemSystemUInt32SystemUInt32', ID = '698'
Method 'SystemUInt32CosmosHALBlockDeviceRegistersGenericRegistersget_Capabilities', ID = '699'
Method 'SystemVoidSystemThrowHelperThrowArgumentOutOfRangeExceptionSystemExceptionArgumentSystemExceptionResource', ID = '720'
Method 'SystemVoidSystemArrayCopySystemArraySystemInt32SystemArraySystemInt32SystemInt32', ID = '722'
Method 'SystemUInt32CosmosHALBlockDeviceRegistersGenericRegistersget_ImplementedPorts', ID = '724'
Method 'SystemVoidCosmosHALBlockDeviceRegistersPortRegistersctorSystemUInt32SystemUInt32', ID = '725'
Method 'CosmosHALBlockDeviceRegistersPortTypeCosmosHALBlockDeviceAHCICheckPortTypeCosmosHALBlockDeviceRegistersPortRegisters', ID = '726'
Method 'SystemStringSystemStringPadLeftSystemInt32SystemChar', ID = '728'
Method 'SystemVoidCosmosHALBlockDeviceAHCIPortRebaseCosmosHALBlockDeviceRegistersPortRegistersSystemUInt32', ID = '729'
Method 'SystemVoidCosmosHALBlockDevicePortsSATActorCosmosHALBlockDeviceRegistersPortRegisters', ID = '730'
Method 'SystemVoidSystemCollectionsGenericList1CosmosHALBlockDevicePortsStoragePortAddCosmosHALBlockDevicePortsStoragePort', ID = '731'
Method 'SystemVoidSystemCollectionsGenericList1EnumeratorCosmosHALBlockDevicePortsStoragePortctorSystemCollectionsGenericList1CosmosHALBlockDevicePortsStoragePort', ID = '732'
Method 'SystemStringCosmosCore_PlugsSystemStringImplFormatSystemStringSystemObjectSystemObject', ID = '734'
Method 'SystemStringCosmosCore_PlugsSystemStringImplFormatSystemStringSystemObject', ID = '735'
Method 'SystemBooleanSystemCollectionsGenericList1EnumeratorCosmosHALBlockDevicePortsStoragePortMoveNextRare', ID = '736'
Method 'SystemVoidSystemCollectionsGenericList1EnumeratorCosmosHALBlockDevicePortsStoragePortDispose', ID = '740'
Method 'SystemVoidSystemCollectionsGenericList1CosmosHALKeyboardBasector', ID = '741'
Method 'SystemVoidCosmosSystemScanMapsUS_Standardctor', ID = '743'
Method 'SystemVoidSystemCollectionsGenericQueue1CosmosSystemKeyEventctor', ID = '745'
Method 'SystemCollectionsGenericIEnumerable1CosmosHALKeyboardBaseCosmosHALGlobalGetKeyboardDevices', ID = '747'
Method 'SystemVoidCosmosSystemKeyboardManagerAddKeyboardCosmosHALKeyboardBase', ID = '750'
Method 'SystemUInt32CosmosHALPITget_T0DelyNS', ID = '754'
Method 'SystemInt32SystemCollectionsGenericList1CosmosHALPITPITTimerget_Count', ID = '755'
Method 'CosmosHALPITPITTimerSystemCollectionsGenericList1CosmosHALPITPITTimerget_ItemSystemInt32', ID = '756'
Method 'SystemVoidSystemCollectionsGenericList1CosmosHALPITPITTimerRemoveAtSystemInt32', ID = '758'
Method 'SystemVoidCosmosCore_AsmDelegateImplInvoke', ID = '608'
Method 'SystemVoidCosmosCoreINTsSetIntHandlerSystemByteCosmosCoreINTsIRQDelegate', ID = '761'
Method 'SystemVoidCosmosSystemConsoleUpdateCursor', ID = '769'
Method 'SystemVoidSystemCollectionsGenericList1SystemCharAddWithResizeSystemChar', ID = '770'
Method 'SystemVoidCosmosHALKeyboardBaseWaitForKey', ID = '771'
Method 'SystemInt32SystemCollectionsGenericQueue1CosmosSystemKeyEventget_Count', ID = '772'
Method 'CosmosSystemKeyEventSystemCollectionsGenericQueue1CosmosSystemKeyEventDequeue', ID = '773'
Method 'SystemVoidCosmosCore_PlugsSystemStringImplCtorSystemChararraySystemStringSystemInt32SystemCharpointer', ID = '775'
Method 'SystemVoidCosmosCore_PlugsSystemEnvironmentImplCCtor', ID = '778'
Method 'SystemVoidSystemBufferMemcpySystemBytepointerSystemBytepointerSystemInt32', ID = '781'
Method 'SystemVoidSystemTextEncodingcctor', ID = '782'
Method 'SystemInt32SystemTextASCIIEncodingGetByteCountSystemString', ID = '789'
Method 'SystemInt32SystemTextASCIIEncodingGetBytesSystemStringSystemInt32SystemInt32SystemBytearraySystemInt32', ID = '791'
Method 'SystemVoidCosmosCore_PlugsSystemTypeImplCCtor', ID = '795'
Method 'SystemVoidCosmosCoreCosmosRuntimeTypector', ID = '798'
Method 'SystemVoidCosmosCommonStringHelpercctor', ID = '799'
Method 'SystemStringCosmosSystem_PlugsSystemUInt64ImplToString', ID = '800'
Method 'SystemStringSystemCharToStringSystemChar', ID = '801'
Method 'SystemCharCosmosCore_PlugsSystemStringImplget_CharsSystemInt32SystemCharpointer', ID = '802'
Method 'SystemChararrayCosmosCore_PlugsSystemStringImplToCharArray', ID = '803'
Method 'SystemStringSystemSRget_ArgumentOutOfRange_StartIndex', ID = '804'
Method 'SystemVoidSystemArgumentOutOfRangeExceptionctorSystemStringSystemString', ID = '805'
Method 'SystemStringSystemSRget_ArgumentOutOfRange_StartIndexLargerThanLength', ID = '806'
Method 'SystemStringSystemSRget_ArgumentOutOfRange_NegativeLength', ID = '807'
Method 'SystemStringSystemSRget_ArgumentOutOfRange_IndexLength', ID = '808'
Method 'SystemStringSystemStringInternalSubStringSystemInt32SystemInt32', ID = '809'
Method 'SystemStringSystemSRget_ArgumentOutOfRange_ActualValue', ID = '810'
Method 'SystemStringSystemSRFormatSystemStringSystemObject', ID = '811'
Method 'SystemStringSystemSRget_Arg_ParamName_Name', ID = '812'
Method 'SystemBooleanSystemStringop_EqualitySystemStringSystemString', ID = '814'
Method 'SystemStringSystemStringToLower', ID = '815'
Method 'SystemBooleanCosmosCore_PlugsSystemStringImplEqualsHelperSystemStringSystemString', ID = '816'
Method 'SystemStringCosmosSystem_PlugsSystemInt64ImplToString', ID = '817'
Method 'SystemVoidSystemNotImplementedExceptionctor', ID = '820'
Method 'SystemStringCosmosSystem_PlugsSystemByteImplToString', ID = '821'
Method 'SystemByteCosmosCore_AsmIOPortImplRead8SystemUInt16', ID = '822'
Method 'SystemVoidCosmosCore_AsmIOPortImplWrite8SystemUInt16SystemByte', ID = '823'
Method 'SystemStringCosmosSystem_PlugsSystemEnumImplToString', ID = '827'
Method 'SystemStringCosmosSystem_PlugsSystemUInt16ImplToString', ID = '828'
Method 'SystemVoidCosmosCoreIOGroupPS2Controllerctor', ID = '829'
Method 'SystemVoidCosmosCoreIOGroupPITctor', ID = '830'
Method 'SystemVoidCosmosCoreIOGroupATActorSystemBoolean', ID = '831'
Method 'SystemVoidCosmosCoreIOGroupRTCctor', ID = '832'
Method 'SystemVoidCosmosCoreIOGroupVBEctor', ID = '833'
Method 'SystemVoidCosmosCoreIOGroupPCIctor', ID = '834'
Method 'SystemVoidCosmosCore_AsmIOPortImplWrite32SystemUInt16SystemUInt32', ID = '835'
Method 'SystemUInt32CosmosCore_AsmIOPortImplRead32SystemUInt16', ID = '836'
Method 'SystemVoidSystemCollectionsGenericList1CosmosHALPCIDeviceAddWithResizeCosmosHALPCIDevice', ID = '837'
Method 'SystemInvalidOperationExceptionSystemThrowHelperGetInvalidOperationExceptionSystemExceptionResource', ID = '840'
Method 'SystemStringCosmosCommonExtensionsToHexStringConvertToHexSystemUInt32', ID = '841'
Method 'SystemStringSystemSRget_ArgumentNull_Generic', ID = '842'
Method 'SystemVoidCosmosCore_PlugsSystemOutOfMemoryExceptionImplCtor', ID = '844'
Method 'SystemVoidCosmosHALPS2Mousecctor', ID = '845'
Method 'SystemVoidCosmosHALPS2MouseSendCommandCosmosHALPS2MouseCommandSystemNullable1SystemByte', ID = '846'
Method 'SystemBooleanCosmosHALPS2ControllerWaitForDeviceReset', ID = '847'
Method 'SystemByteCosmosHALPS2MouseTryToEnableScrollWheel', ID = '848'
Method 'SystemByteCosmosHALPS2MouseTryToEnableAdditionalButtons', ID = '849'
Method 'SystemVoidCosmosHALPS2MouseHandleMouseCosmosCoreINTsIRQContext', ID = '850'
Method 'SystemVoidCosmosHALPS2KeyboardSendCommandCosmosHALPS2KeyboardCommandSystemNullable1SystemByte', ID = '851'
Method 'SystemVoidCosmosHALPS2KeyboardHandleIRQCosmosCoreINTsIRQContext', ID = '852'
Method 'CosmosHALPCIDeviceSystemCollectionsGenericList1CosmosHALPCIDeviceget_ItemSystemInt32', ID = '856'
Method 'SystemInt32SystemCollectionsGenericList1CosmosHALPCIDeviceget_Count', ID = '857'
Method 'SystemVoidCosmosCoreIOGroupPCSpeakerctor', ID = '858'
Method 'SystemVoidCosmosHALBlockDeviceAtaPiocctor', ID = '860'
Method 'SystemStringCosmosHALBlockDeviceAtaPioToString', ID = '861'
Method 'SystemVoidCosmosHALBlockDeviceAtaPioSelectDriveSystemByte', ID = '862'
Method 'CosmosHALBlockDeviceAtaPioStatusCosmosHALBlockDeviceAtaPioSendCmdCosmosHALBlockDeviceAtaPioCmdSystemBoolean', ID = '863'
Method 'CosmosHALBlockDeviceAtaPioStatusCosmosHALBlockDeviceAtaPioSendCmdCosmosHALBlockDeviceAtaPioCmd', ID = '864'
Method 'SystemVoidCosmosCoreIOPortBaseRead16SystemUInt16array', ID = '865'
Method 'SystemStringCosmosHALBlockDeviceAtaPioGetStringSystemUInt16arraySystemInt32SystemInt32', ID = '866'
Method 'SystemVoidSystemCollectionsGenericList1CosmosHALBlockDeviceBlockDevicector', ID = '867'
Method 'SystemVoidSystemCollectionsGenericList1CosmosHALBlockDeviceBlockDevicecctor', ID = '868'
Method 'SystemVoidSystemCollectionsGenericList1CosmosHALBlockDeviceBlockDeviceEnsureCapacitySystemInt32', ID = '874'
Method 'SystemVoidCosmosHALBlockDeviceBlockDeviceCheckDataSizeSystemBytearraySystemUInt64', ID = '877'
Method 'SystemVoidCosmosHALBlockDeviceAtaPioSelectSectorSystemUInt64SystemUInt64', ID = '878'
Method 'SystemVoidCosmosCoreIOPortBaseRead8SystemBytearray', ID = '879'
Method 'SystemUInt32SystemBitConverterToUInt32SystemBytearraySystemInt32', ID = '881'
Method 'SystemVoidCosmosHALBlockDeviceMBRPartInfoctorSystemByteSystemUInt32SystemUInt32', ID = '882'
Method 'SystemVoidSystemCollectionsGenericList1CosmosHALBlockDeviceMBRPartInfoAddCosmosHALBlockDeviceMBRPartInfo', ID = '883'
Method 'SystemVoidCosmosHALBlockDeviceEBRPartInfoctorSystemByteSystemUInt32SystemUInt32', ID = '885'
Method 'SystemVoidSystemCollectionsGenericList1CosmosHALBlockDeviceEBRPartInfoAddCosmosHALBlockDeviceEBRPartInfo', ID = '886'
Method 'SystemVoidSystemCollectionsGenericList1CosmosHALBlockDeviceEBRPartInfocctor', ID = '887'
Method 'SystemVoidSystemCollectionsGenericList1CosmosHALBlockDeviceMBRPartInfocctor', ID = '893'
Method 'SystemVoidCosmosDebugKernelPlugsAsmDebuggerAsmDoSendNumberSystemInt32', ID = '899'
Method 'SystemArgumentOutOfRangeExceptionSystemThrowHelperGetArgumentOutOfRangeExceptionSystemExceptionArgumentSystemExceptionResource', ID = '900'
Method 'SystemStringCosmosHALBlockDevicePartitionToString', ID = '901'
Method 'SystemVoidCosmosHALBlockDevicePartitionReadBlockSystemUInt64SystemUInt64SystemBytearray', ID = '902'
Method 'SystemVoidCosmosCoreIOPortset_WordSystemUInt16', ID = '904'
Method 'SystemVoidSystemCollectionsGenericList1CosmosHALBlockDevicePortsStoragePortcctor', ID = '905'
Method 'SystemUInt32CosmosHALBlockDeviceRegistersPortRegistersget_SSTS', ID = '913'
Method 'SystemUInt32CosmosHALBlockDeviceRegistersPortRegistersget_SIG', ID = '914'
Method 'SystemStringSystemSRget_ArgumentOutOfRange_NeedNonNegNum', ID = '915'
Method 'SystemBooleanCosmosHALBlockDeviceAHCIStopCMDCosmosHALBlockDeviceRegistersPortRegisters', ID = '916'
Method 'SystemVoidCosmosHALBlockDevicePortsSATAPortResetCosmosHALBlockDeviceRegistersPortRegisters', ID = '917'
Method 'SystemVoidCosmosHALBlockDeviceRegistersPortRegistersset_CLBSystemUInt32', ID = '918'
Method 'SystemVoidCosmosHALBlockDeviceRegistersPortRegistersset_FBSystemUInt32', ID = '919'
Method 'SystemVoidCosmosHALBlockDeviceRegistersPortRegistersset_SERRSystemUInt32', ID = '920'
Method 'SystemVoidCosmosHALBlockDeviceRegistersPortRegistersset_ISSystemUInt32', ID = '921'
Method 'SystemVoidCosmosHALBlockDeviceRegistersPortRegistersset_IESystemUInt32', ID = '922'
Method 'SystemUInt32CosmosHALBlockDeviceRegistersPortRegistersget_CLB', ID = '923'
Method 'SystemVoidCosmosCoreMemoryBlockFillSystemByte', ID = '924'
Method 'SystemUInt32CosmosHALBlockDeviceRegistersPortRegistersget_FB', ID = '925'
Method 'CosmosHALBlockDeviceRegistersHBACommandHeaderarrayCosmosHALBlockDeviceAHCIGetCommandHeaderCosmosHALBlockDeviceRegistersPortRegisters', ID = '926'
Method 'SystemBooleanCosmosHALBlockDeviceAHCIStartCMDCosmosHALBlockDeviceRegistersPortRegisters', ID = '927'
Method 'SystemVoidCosmosHALBlockDevicePortsStoragePortctor', ID = '929'
Method 'SystemUInt32CosmosHALBlockDeviceRegistersPortRegistersget_CMD', ID = '930'
Method 'SystemVoidCosmosCoreMemoryGroupAHCIctorSystemUInt32', ID = '931'
Method 'SystemVoidCosmosHALBlockDevicePortsSATASendSATA28CommandCosmosHALBlockDeviceRegistersATACommandsSystemUInt32SystemUInt32', ID = '932'
Method 'SystemVoidCosmosCoreMemoryBlockRead16SystemUInt16array', ID = '934'
Method 'SystemStringCosmosHALBlockDevicePortsSATAGetStringSystemUInt16arraySystemInt32SystemInt32', ID = '935'
Method 'SystemVoidSystemCollectionsGenericList1CosmosHALBlockDevicePortsStoragePortAddWithResizeCosmosHALBlockDevicePortsStoragePort', ID = '936'
Method 'SystemStringCosmosCore_PlugsSystemStringImplFormatHelperSystemIFormatProviderSystemStringSystemObjectarray', ID = '937'
Method 'SystemVoidSystemThrowHelperThrowInvalidOperationException_InvalidOperation_EnumFailedVersion', ID = '938'
Method 'SystemVoidCosmosSystemScanMapBasector', ID = '942'
Method 'CosmosSystemKeyEventarraySystemArrayEmptyCosmosSystemKeyEvent', ID = '944'
Method 'SystemVoidSystemCollectionsGenericList1CosmosHALKeyboardBaseAddCosmosHALKeyboardBase', ID = '946'
Method 'SystemCollectionsGenericIEnumerator1CosmosHALKeyboardBaseSystemCollectionsGenericList1CosmosHALKeyboardBaseSystemCollectionsGenericIEnumerableTGetEnumerator', ID = '948'
Method 'SystemVoidCosmosSystemKeyboardManagerHandleScanCodeSystemByteSystemBoolean', ID = '949'
Method 'SystemVoidCosmosCore_AsmDelegateImplCtorSystemObjectSystemIntPtr', ID = '760'
Method 'SystemVoidSystemCollectionsGenericList1CosmosHALPITPITTimercctor', ID = '951'
Method 'SystemVoidCosmosHALPITPITTimerDispose', ID = '957'
Method 'SystemVoidSystemCollectionsGenericList1SystemCharcctor', ID = '960'
Method 'SystemVoidSystemCharcctor', ID = '965'
Method 'SystemBooleanCosmosCore_PlugsSystemRuntimeCompilerServicesRuntimeHelpersImplIsReferenceOrContainsReferences', ID = '969'
Method 'SystemVoidSystemCollectionsGenericList1SystemCharEnsureCapacitySystemInt32', ID = '971'
Method 'CosmosCoreCPUCosmosCoreGlobalget_CPU', ID = '972'
Method 'SystemVoidSystemCollectionsGenericQueue1CosmosSystemKeyEventThrowForEmptyQueue', ID = '974'
Method 'SystemVoidSystemCollectionsGenericQueue1CosmosSystemKeyEventMoveNextSystemInt32', ID = '976'
Method 'SystemVoidSystemTextASCIIEncodingcctor', ID = '978'
Method 'SystemVoidCosmosCore_PlugsSystemStringImplcctor', ID = '980'
Method 'SystemVoidSystemBufferMemmoveSystemBytepointerSystemBytepointerSystemUInt32', ID = '982'
Method 'SystemVoidSystemTextUTF8EncodingUTF8EncodingSealedctorSystemBoolean', ID = '983'
Method 'SystemInt32SystemTextEncodingGetByteCountSystemCharpointerSystemInt32SystemTextEncoderNLS', ID = '986'
Method 'SystemInt32SystemTextASCIIEncodingGetByteCountSystemChararraySystemInt32SystemInt32', ID = '987'
Method 'SystemStringSystemSRget_ArgumentNull_Array', ID = '988'
Method 'SystemStringSystemSRget_ArgumentOutOfRange_IndexCount', ID = '989'
Method 'SystemStringSystemSRget_ArgumentOutOfRange_Index', ID = '990'
Method 'SystemInt32SystemTextEncodingGetBytesSystemCharpointerSystemInt32SystemBytepointerSystemInt32SystemTextEncoderNLS', ID = '991'
Method 'SystemInt32SystemTextASCIIEncodingGetBytesSystemChararraySystemInt32SystemInt32SystemBytearraySystemInt32', ID = '992'
Method 'SystemVoidCosmosHALTextScreenScrollUp', ID = '993'
Method 'SystemVoidCosmosHALTextScreenset_ItemSystemInt32SystemInt32SystemByte', ID = '994'
Method 'SystemStringCosmosCoreCosmosRuntimeTypeget_Name', ID = '996'
Method 'SystemVoidSystemTypector', ID = '997'
Method 'SystemStringCosmosCommonStringHelperGetNumberStringSystemUInt64', ID = '1003'
Method 'SystemStringSystemStringCreateFromCharSystemChar', ID = '1004'
Method 'SystemBooleanSystemSRUsingResourceKeys', ID = '1005'
Method 'SystemStringSystemStringJoinSystemStringSystemObjectarray', ID = '1006'
Method 'SystemBooleanSystemStringEqualsSystemStringSystemString', ID = '1007'
Method 'SystemStringCosmosCommonStringHelperGetNumberStringSystemInt64', ID = '1013'
Method 'SystemStringSystemSRget_Arg_NotImplementedException', ID = '1014'
Method 'SystemVoidCosmosCoreIOPortReadctorSystemUInt16', ID = '1020'
Method 'SystemVoidCosmosCoreIOPortWritectorSystemUInt16', ID = '1021'
Method 'SystemUInt16CosmosCoreIOGroupATAGetBAR0SystemBoolean', ID = '1022'
Method 'SystemUInt16CosmosCoreIOGroupATAGetBAR1SystemBoolean', ID = '1023'
Method 'SystemVoidCosmosCoreIOPortWritectorSystemUInt16SystemUInt16', ID = '1024'
Method 'SystemVoidCosmosCoreIOPortctorSystemUInt16SystemUInt16', ID = '1025'
Method 'SystemVoidCosmosCoreIOPortReadctorSystemUInt16SystemUInt16', ID = '1026'
Method 'SystemVoidSystemCollectionsGenericList1CosmosHALPCIDeviceEnsureCapacitySystemInt32', ID = '1029'
Method 'SystemStringSystemThrowHelperGetResourceStringSystemExceptionResource', ID = '1030'
Method 'SystemCharCosmosCommonExtensionsToHexStringDigitToHexCharSystemByte', ID = '1031'
Method 'SystemByteCosmosHALPS2Mouseget_PS2Port', ID = '1035'
Method 'SystemVoidCosmosHALPS2ControllerPrepareSecondPortWrite', ID = '1036'
Method 'SystemByteCosmosHALPS2ControllerReadByteAfterAck', ID = '1037'
Method 'SystemBooleanCosmosHALPS2Mouseget_HasScrollWheel', ID = '1038'
Method 'SystemVoidCosmosCore_AsmDelegateImplInvoke', ID = '608'
Method 'SystemByteCosmosHALPS2Keyboardget_PS2Port', ID = '1041'
Method 'SystemVoidCosmosCore_AsmDelegateImplInvoke', ID = '608'
Method 'SystemVoidCosmosHALPS2KeyboardUpdateLeds', ID = '1043'
Method 'SystemVoidCosmosHALBlockDeviceAtaPioWait', ID = '1046'
Method 'SystemVoidCosmosHALBlockDeviceAtaPioDebugSystemString', ID = '1049'
Method 'SystemVoidCosmosHALBlockDeviceAtaPioDebugHexSystemStringSystemUInt32', ID = '1050'
Method 'SystemVoidSystemCollectionsGenericList1CosmosHALBlockDeviceBlockDeviceset_CapacitySystemInt32', ID = '1054'
Method 'SystemVoidCosmosHALBlockDeviceBlockDeviceCheckBlockNoSystemUInt64SystemUInt64', ID = '1055'
Method 'SystemVoidCosmosCoreIOPortWriteset_WordSystemUInt16', ID = '1056'
Method 'SystemInt32SystemBitConverterReadInt32SystemBytearraySystemInt32', ID = '1057'
Method 'SystemVoidSystemCollectionsGenericList1CosmosHALBlockDeviceMBRPartInfoAddWithResizeCosmosHALBlockDeviceMBRPartInfo', ID = '1058'
Method 'SystemVoidSystemCollectionsGenericList1CosmosHALBlockDeviceEBRPartInfoAddWithResizeCosmosHALBlockDeviceEBRPartInfo', ID = '1060'
Method 'SystemStringSystemThrowHelperGetArgumentNameSystemExceptionArgument', ID = '1061'
Method 'SystemVoidCosmosCore_AsmArrayImplCopySystemArraySystemInt32SystemArraySystemInt32SystemInt32SystemBoolean', ID = '1063'
Method 'SystemVoidCosmosHALBlockDeviceRegistersPortRegistersset_CMDSystemUInt32', ID = '1064'
Method 'SystemVoidCosmosHALBlockDeviceAHCIWaitSystemInt32', ID = '1065'
Method 'SystemUInt32CosmosHALBlockDeviceRegistersPortRegistersget_CI', ID = '1066'
Method 'SystemUInt32CosmosHALBlockDeviceRegistersPortRegistersget_TFD', ID = '1067'
Method 'SystemVoidCosmosHALBlockDeviceAHCIHBAReset', ID = '1068'
Method 'SystemVoidCosmosHALBlockDeviceRegistersPortRegistersset_SCTLSystemUInt32', ID = '1069'
Method 'SystemUInt32CosmosHALBlockDeviceRegistersPortRegistersget_SCTL', ID = '1070'
Method 'SystemVoidCosmosCoreMemoryBlockFillSystemUInt32SystemUInt32SystemByte', ID = '1071'
Method 'SystemVoidCosmosHALBlockDeviceRegistersHBACommandHeaderctorSystemUInt32SystemUInt32', ID = '1074'
Method 'SystemVoidCosmosHALBlockDeviceRegistersHBACommandHeaderset_PRDTLSystemUInt16', ID = '1075'
Method 'SystemVoidCosmosHALBlockDeviceRegistersHBACommandHeaderset_CTBASystemUInt32', ID = '1076'
Method 'SystemVoidCosmosHALBlockDeviceRegistersHBACommandHeaderset_CTBAUSystemUInt32', ID = '1077'
Method 'SystemUInt32CosmosHALBlockDeviceRegistersHBACommandHeaderget_CTBA', ID = '1078'
Method 'SystemVoidCosmosHALBlockDevicePortsSATAcctor', ID = '1079'
Method 'SystemVoidCosmosHALBlockDevicePortsSATAReadBlockSystemUInt64SystemUInt64SystemBytearray', ID = '1080'
Method 'CosmosHALBlockDeviceRegistersPortTypeCosmosHALBlockDevicePortsSATAget_mPortType', ID = '1081'
Method 'SystemStringCosmosHALBlockDevicePortsSATAget_mPortName', ID = '1082'
Method 'SystemUInt32CosmosHALBlockDevicePortsSATAget_mPortNumber', ID = '1083'
Method 'SystemInt32CosmosHALBlockDevicePortsSATAFindCMDSlot', ID = '1085'
Method 'SystemVoidCosmosHALBlockDeviceRegistersHBACommandHeaderset_CFLSystemByte', ID = '1086'
Method 'SystemVoidCosmosHALBlockDeviceRegistersHBACommandHeaderset_WriteSystemByte', ID = '1087'
Method 'SystemUInt16CosmosHALBlockDeviceRegistersHBACommandHeaderget_PRDTL', ID = '1088'
Method 'SystemVoidCosmosHALBlockDeviceRegistersHBACommandTablectorSystemUInt32SystemUInt32', ID = '1089'
Method 'SystemVoidCosmosHALBlockDeviceRegistersHBAPRDTEntryset_DBASystemUInt32', ID = '1091'
Method 'SystemVoidCosmosHALBlockDeviceRegistersHBAPRDTEntryset_DBCSystemUInt32', ID = '1092'
Method 'SystemVoidCosmosHALBlockDeviceRegistersHBAPRDTEntryset_InterruptOnCompletionSystemByte', ID = '1093'
Method 'SystemUInt32CosmosHALBlockDeviceRegistersHBACommandTableget_CFIS', ID = '1094'
Method 'SystemVoidCosmosHALBlockDeviceRegistersFISRegisterH2DctorSystemUInt32', ID = '1095'
Method 'SystemVoidCosmosHALBlockDeviceRegistersFISRegisterH2Dset_FISTypeSystemByte', ID = '1096'
Method 'SystemVoidCosmosHALBlockDeviceRegistersFISRegisterH2Dset_IsCommandSystemByte', ID = '1097'
Method 'SystemVoidCosmosHALBlockDeviceRegistersFISRegisterH2Dset_CommandSystemByte', ID = '1098'
Method 'SystemVoidCosmosHALBlockDeviceRegistersFISRegisterH2Dset_DeviceSystemByte', ID = '1099'
Method 'SystemVoidCosmosHALBlockDeviceRegistersFISRegisterH2Dset_LBA0SystemByte', ID = '1100'
Method 'SystemVoidCosmosHALBlockDeviceRegistersFISRegisterH2Dset_LBA1SystemByte', ID = '1101'
Method 'SystemVoidCosmosHALBlockDeviceRegistersFISRegisterH2Dset_LBA2SystemByte', ID = '1102'
Method 'SystemVoidCosmosHALBlockDeviceRegistersFISRegisterH2Dset_CountLSystemByte', ID = '1103'
Method 'SystemVoidCosmosHALBlockDeviceRegistersPortRegistersset_CISystemUInt32', ID = '1105'
Method 'SystemUInt32CosmosHALBlockDeviceRegistersPortRegistersget_IS', ID = '1106'
Method 'SystemVoidSystemCollectionsGenericList1CosmosHALBlockDevicePortsStoragePortEnsureCapacitySystemInt32', ID = '1107'
Method 'SystemVoidSystemFormatExceptionctorSystemString', ID = '1109'
Method 'SystemInt32CosmosCommonStringHelperGetStringToNumberSystemString', ID = '1110'
Method 'SystemBooleanSystemCharIsDigitSystemChar', ID = '1111'
Method 'SystemVoidSystemCollectionsGenericList1CosmosHALKeyboardBasecctor', ID = '1112'
Method 'SystemVoidSystemCollectionsGenericList1CosmosHALKeyboardBaseAddWithResizeCosmosHALKeyboardBase', ID = '1124'
Method 'SystemVoidSystemCollectionsGenericList1EnumeratorCosmosHALKeyboardBasectorSystemCollectionsGenericList1CosmosHALKeyboardBase', ID = '1125'
Method 'SystemBooleanCosmosSystemScanMapBaseScanCodeMatchesKeySystemByteCosmosSystemConsoleKeyEx', ID = '1127'
Method 'SystemBooleanCosmosSystemKeyboardManagerget_CapsLock', ID = '1128'
Method 'SystemVoidCosmosSystemKeyboardManagerUpdateLeds', ID = '1129'
Method 'SystemBooleanCosmosSystemKeyboardManagerget_NumLock', ID = '1130'
Method 'SystemBooleanCosmosSystemKeyboardManagerget_ScrollLock', ID = '1131'
Method 'SystemVoidCosmosSystemKeyboardManagerset_ControlPressedSystemBoolean', ID = '1132'
Method 'SystemVoidCosmosSystemKeyboardManagerset_ShiftPressedSystemBoolean', ID = '1133'
Method 'SystemVoidCosmosSystemKeyboardManagerset_AltPressedSystemBoolean', ID = '1134'
Method 'SystemBooleanCosmosSystemKeyboardManagerget_ControlPressed', ID = '1135'
Method 'SystemBooleanCosmosSystemKeyboardManagerget_AltPressed', ID = '1136'
Method 'SystemVoidCosmosSystemPowerReboot', ID = '1137'
Method 'SystemBooleanCosmosSystemKeyboardManagerGetKeySystemByteCosmosSystemKeyEvent', ID = '1138'
Method 'SystemVoidCosmosSystemKeyboardManagerEnqueueCosmosSystemKeyEvent', ID = '1139'
Method 'SystemVoidCosmosHALPITUnregisterTimerSystemInt32', ID = '1141'
Method 'SystemVoidCosmosCore_AsmRuntimeHelpersImplInitializeArraySystemArraySystemRuntimeFieldHandle', ID = '1144'
Method 'SystemVoidCosmosHALTextScreenSetCursorPosSystemInt32SystemInt32', ID = '1147'
Method 'SystemVoidSystemCollectionsGenericList1SystemCharset_CapacitySystemInt32', ID = '1148'
Method 'SystemVoidCosmosCore_AsmCPUImplHalt', ID = '1149'
Method 'SystemStringSystemSRget_InvalidOperation_EmptyQueue', ID = '1150'
Method 'SystemVoidSystemTextASCIIEncodingASCIIEncodingSealedctor', ID = '1151'
Method 'SystemVoidSystemBuffer_MemmoveSystemBytepointerSystemBytepointerSystemUInt32', ID = '1155'
Method 'SystemVoidSystemTextUTF8EncodingctorSystemBoolean', ID = '1157'
Method 'SystemInt32CosmosSystem_PlugsSystemRuntimeRuntimeHelpersImplget_OffsetToStringData', ID = '1158'
Method 'SystemInt32SystemTextASCIIEncodingGetByteCountSystemCharpointerSystemInt32SystemTextEncoderNLS', ID = '1160'
Method 'SystemInt32SystemTextUTF8EncodingGetByteCountSystemCharpointerSystemInt32SystemTextEncoderNLS', ID = '1161'
Method 'SystemInt32SystemTextEncodingGetByteCountSystemCharpointerSystemInt32', ID = '1162'
Method 'SystemStringSystemSRget_ArgumentOutOfRange_IndexCountBuffer', ID = '1163'
Method 'SystemInt32SystemTextASCIIEncodingGetBytesSystemCharpointerSystemInt32SystemBytepointerSystemInt32SystemTextEncoderNLS', ID = '1164'
Method 'SystemInt32SystemTextUTF8EncodingGetBytesSystemCharpointerSystemInt32SystemBytepointerSystemInt32SystemTextEncoderNLS', ID = '1165'
Method 'SystemInt32SystemTextEncodingGetBytesSystemCharpointerSystemInt32SystemBytepointerSystemInt32', ID = '1166'
Method 'SystemVoidCosmosCoreMemoryBlockMoveDownSystemUInt32SystemUInt32SystemUInt32', ID = '1167'
Method 'SystemVoidCosmosCoreMemoryBlockFillSystemUInt32SystemUInt32SystemUInt16', ID = '1168'
Method 'SystemVoidCosmosCoreMemoryBlock08set_ItemSystemUInt32SystemByte', ID = '1169'
Method 'SystemVoidCosmosCore_PlugsSystemTypeImplcctor', ID = '1170'
Method 'SystemVoidSystemReflectionMemberInfoctor', ID = '1171'
Method 'SystemVoidSystemGuidcctor', ID = '1172'
Method 'SystemStringSystemGuidToString', ID = '1173'
Method 'SystemStringSystemStringJoinCoreSystemCharpointerSystemInt32SystemObjectarray', ID = '1176'
Method 'SystemGlobalizationCultureInfoCosmosCore_PlugsSystemGlobalizationCultureInfoImplget_CurrentCulture', ID = '1179'
Method 'SystemStringCosmosCore_PlugsSystemStringImplToLowerSystemGlobalizationCultureInfo', ID = '1180'
Method 'SystemInt32CosmosCore_PlugsSystemStringImplCompareToSystemString', ID = '1181'
Method 'SystemVoidCosmosCoreIOPortBasectorSystemUInt16SystemUInt16', ID = '1182'
Method 'SystemVoidSystemCollectionsGenericList1CosmosHALPCIDeviceset_CapacitySystemInt32', ID = '1183'
Method 'SystemStringSystemSRGetResourceStringSystemString', ID = '1184'
Method 'SystemUInt16CosmosCore_AsmIOPortImplRead16SystemUInt16', ID = '1191'
Method 'SystemVoidSystemThrowHelperThrowArgumentNullExceptionSystemExceptionArgument', ID = '1192'
Method 'SystemVoidSystemThrowHelperThrowArgumentExceptionSystemExceptionResourceSystemExceptionArgument', ID = '1193'
Method 'SystemInt32SystemRuntimeCompilerServicesUnsafeReadUnalignedSystemInt32SystemByte', ID = '1194'
Method 'SystemVoidSystemCollectionsGenericList1CosmosHALBlockDeviceMBRPartInfoEnsureCapacitySystemInt32', ID = '1195'
Method 'SystemVoidSystemCollectionsGenericList1CosmosHALBlockDeviceEBRPartInfoEnsureCapacitySystemInt32', ID = '1196'
Method 'SystemVoidCosmosCore_AsmIOPortImplWrite16SystemUInt16SystemUInt16', ID = '1197'
Method 'SystemVoidCosmosCoreMemoryOperationsFillSystemBytepointerSystemByteSystemInt32', ID = '1199'
Method 'SystemVoidCosmosCoreMemoryBlock16set_ItemSystemUInt32SystemUInt16', ID = '1205'
Method 'SystemVoidCosmosHALBlockDevicePortsSATASendSATA48CommandCosmosHALBlockDeviceRegistersATACommandsSystemUInt64SystemUInt32', ID = '1206'
Method 'SystemVoidCosmosCoreMemoryBlockRead8SystemBytearray', ID = '1207'
Method 'SystemUInt32CosmosHALBlockDeviceRegistersPortRegistersget_SACT', ID = '1208'
Method 'SystemByteCosmosCoreMemoryBlock08get_ItemSystemUInt32', ID = '1209'
Method 'SystemUInt16CosmosCoreMemoryBlock16get_ItemSystemUInt32', ID = '1210'
Method 'SystemVoidCosmosHALBlockDeviceRegistersHBAPRDTEntryctorSystemUInt32SystemUInt32', ID = '1212'
Method 'SystemBooleanSystemStringIsNullOrWhiteSpaceSystemString', ID = '1215'
Method 'SystemBooleanSystemCharIsLatin1SystemChar', ID = '1216'
Method 'SystemGlobalizationUnicodeCategorySystemGlobalizationCharUnicodeInfoGetUnicodeCategorySystemChar', ID = '1217'
Method 'SystemVoidCosmosSystemScanMapsUS_StandardInitKeys', ID = '1218'
Method 'SystemVoidSystemArrayEmptyArray1CosmosSystemKeyEventcctor', ID = '1222'
Method 'SystemVoidSystemCollectionsGenericList1CosmosHALKeyboardBaseEnsureCapacitySystemInt32', ID = '1223'
Method 'SystemVoidSystemCollectionsGenericList1EnumeratorCosmosHALKeyboardBaseDispose', ID = '1224'
Method 'CosmosHALKeyboardBaseSystemCollectionsGenericList1EnumeratorCosmosHALKeyboardBaseget_Current', ID = '1225'
Method 'SystemBooleanSystemCollectionsGenericList1EnumeratorCosmosHALKeyboardBaseMoveNext', ID = '1226'
Method 'CosmosSystemKeyMappingSystemCollectionsGenericList1CosmosSystemKeyMappingget_ItemSystemInt32', ID = '1227'
Method 'SystemInt32SystemCollectionsGenericList1CosmosSystemKeyMappingget_Count', ID = '1229'
Method 'SystemCollectionsGenericList1EnumeratorCosmosHALKeyboardBaseSystemCollectionsGenericList1CosmosHALKeyboardBaseGetEnumerator', ID = '1230'
Method 'SystemVoidCosmosHALPowerCPUReboot', ID = '1235'
Method 'SystemBooleanCosmosSystemKeyboardManagerget_ShiftPressed', ID = '1237'
Method 'CosmosSystemKeyEventCosmosSystemScanMapBaseConvertScanCodeSystemByteSystemBooleanSystemBooleanSystemBooleanSystemBooleanSystemBooleanSystemBoolean', ID = '1238'
Method 'SystemVoidSystemCollectionsGenericQueue1CosmosSystemKeyEventEnqueueCosmosSystemKeyEvent', ID = '1239'
Method 'SystemVoidSystemTextASCIIEncodingctor', ID = '1243'
Method 'SystemInt32SystemTextUTF8EncodingGetByteCountSystemString', ID = '1246'
Method 'SystemInt32SystemTextUTF8EncodingGetBytesSystemStringSystemInt32SystemInt32SystemBytearraySystemInt32', ID = '1247'
Method 'SystemInt32SystemTextUTF8EncodingGetByteCountSystemChararraySystemInt32SystemInt32', ID = '1248'
Method 'SystemInt32SystemTextUTF8EncodingGetBytesSystemChararraySystemInt32SystemInt32SystemBytearraySystemInt32', ID = '1249'
Method 'SystemVoidSystemTextUTF8EncodingctorSystemBooleanSystemBoolean', ID = '1250'
Method 'SystemTextEncoderFallbackSystemTextEncoderget_Fallback', ID = '1253'
Method 'SystemBooleanSystemTextEncoderget_InternalHasFallbackBuffer', ID = '1255'
Method 'SystemTextEncoderFallbackBufferSystemTextEncoderget_FallbackBuffer', ID = '1256'
Method 'SystemStringSystemSRget_Argument_EncoderFallbackNotEmpty', ID = '1258'
Method 'SystemStringSystemTextEncodingget_EncodingName', ID = '1259'
Method 'SystemStringSystemSRFormatSystemStringSystemObjectSystemObject', ID = '1260'
Method 'SystemVoidSystemArgumentExceptionctorSystemString', ID = '1261'
Method 'SystemVoidSystemTextEncoderFallbackBufferInternalInitializeSystemCharpointerSystemCharpointerSystemTextEncoderNLSSystemBoolean', ID = '1262'
Method 'SystemTextEncoderFallbackSystemTextEncodingget_EncoderFallback', ID = '1263'
Method 'SystemBooleanSystemTextEncoderFallbackBufferInternalFallbackSystemCharSystemCharpointer', ID = '1265'
Method 'SystemCharSystemTextEncoderFallbackBufferInternalGetNextChar', ID = '1267'
Method 'SystemBooleanSystemTextUTF8EncodingInRangeSystemInt32SystemInt32SystemInt32', ID = '1270'
Method 'SystemBooleanSystemTextEncoderNLSget_MustFlush', ID = '1271'
Method 'SystemInt32SystemTextUTF8EncodingPtrDiffSystemCharpointerSystemCharpointer', ID = '1272'
Method 'SystemInt32SystemTextASCIIEncodingGetByteCountSystemCharpointerSystemInt32', ID = '1273'
Method 'SystemInt32SystemTextUTF8EncodingGetByteCountSystemCharpointerSystemInt32', ID = '1274'
Method 'SystemStringSystemTextEncoderReplacementFallbackget_DefaultString', ID = '1275'
Method 'SystemVoidSystemTextEncodingThrowBytesOverflowSystemTextEncoderNLSSystemBoolean', ID = '1276'
Method 'SystemInt32SystemTextUTF8EncodingPtrDiffSystemBytepointerSystemBytepointer', ID = '1278'
Method 'SystemInt32SystemTextASCIIEncodingGetBytesSystemCharpointerSystemInt32SystemBytepointerSystemInt32', ID = '1279'
Method 'SystemInt32SystemTextUTF8EncodingGetBytesSystemCharpointerSystemInt32SystemBytepointerSystemInt32', ID = '1280'
Method 'SystemVoidCosmosCoreMemoryOperationsFillSystemUInt16pointerSystemUInt16SystemInt32', ID = '1282'
Method 'SystemStringSystemGuidToStringSystemStringSystemIFormatProvider', ID = '1284'
Method 'SystemTextStringBuilderSystemTextStringBuilderCacheAcquireSystemInt32', ID = '1285'
Method 'SystemTextStringBuilderSystemTextStringBuilderAppendSystemString', ID = '1286'
Method 'SystemTextStringBuilderSystemTextStringBuilderAppendSystemCharpointerSystemInt32', ID = '1287'
Method 'SystemStringSystemTextStringBuilderCacheGetStringAndReleaseSystemTextStringBuilder', ID = '1288'
Method 'SystemStringSystemGlobalizationCultureInfoToString', ID = '1290'
Method 'SystemStringCosmosCore_PlugsSystemStringImplChangeCasingSystemStringSystemInt32SystemInt32SystemInt32', ID = '1292'
Method 'SystemArgumentNullExceptionSystemThrowHelperGetArgumentNullExceptionSystemExceptionArgument', ID = '1293'
Method 'SystemArgumentExceptionSystemThrowHelperGetArgumentExceptionSystemExceptionResourceSystemExceptionArgument', ID = '1294'
Method 'SystemVoidSystemCollectionsGenericList1CosmosHALBlockDeviceMBRPartInfoset_CapacitySystemInt32', ID = '1296'
Method 'SystemVoidSystemCollectionsGenericList1CosmosHALBlockDeviceEBRPartInfoset_CapacitySystemInt32', ID = '1297'
Method 'SystemVoidCosmosHALBlockDeviceRegistersFISRegisterH2Dset_LBA3SystemByte', ID = '1300'
Method 'SystemVoidCosmosHALBlockDeviceRegistersFISRegisterH2Dset_LBA4SystemByte', ID = '1301'
Method 'SystemVoidCosmosHALBlockDeviceRegistersFISRegisterH2Dset_LBA5SystemByte', ID = '1302'
Method 'SystemVoidCosmosHALBlockDeviceRegistersFISRegisterH2Dset_CountHSystemByte', ID = '1303'
Method 'SystemBooleanSystemCharIsWhiteSpaceSystemChar', ID = '1304'
Method 'SystemGlobalizationUnicodeCategorySystemGlobalizationCharUnicodeInfoInternalGetUnicodeCategorySystemInt32', ID = '1307'
Method 'SystemVoidSystemCollectionsGenericList1CosmosSystemKeyMappingctorSystemInt32', ID = '1308'
Method 'SystemVoidCosmosSystemKeyMappingctorSystemByteCosmosSystemConsoleKeyEx', ID = '1309'
Method 'SystemVoidSystemCollectionsGenericList1CosmosSystemKeyMappingAddCosmosSystemKeyMapping', ID = '1310'
Method 'SystemVoidCosmosSystemKeyMappingctorSystemByteSystemCharSystemCharSystemCharSystemCharSystemCharSystemCharCosmosSystemConsoleKeyEx', ID = '1311'
Method 'SystemVoidCosmosSystemKeyMappingctorSystemByteSystemCharCosmosSystemConsoleKeyEx', ID = '1312'
Method 'SystemVoidCosmosSystemKeyMappingctorSystemByteSystemCharSystemCharSystemCharSystemCharSystemCharSystemCharCosmosSystemConsoleKeyExCosmosSystemConsoleKeyEx', ID = '1313'
Method 'SystemVoidSystemCollectionsGenericList1CosmosHALKeyboardBaseset_CapacitySystemInt32', ID = '1314'
Method 'SystemBooleanSystemCollectionsGenericList1EnumeratorCosmosHALKeyboardBaseMoveNextRare', ID = '1315'
Method 'SystemVoidCosmosCoreCPUReboot', ID = '1318'
Method 'SystemVoidCosmosSystemKeyEventctor', ID = '1319'
Method 'SystemConsoleModifiersCosmosSystemKeyEventget_Modifiers', ID = '1320'
Method 'SystemVoidCosmosSystemKeyEventset_ModifiersSystemConsoleModifiers', ID = '1321'
Method 'SystemVoidCosmosSystemKeyEventset_TypeCosmosSystemKeyEventKeyEventType', ID = '1322'
Method 'SystemVoidCosmosSystemKeyEventset_KeyCharSystemChar', ID = '1323'
Method 'SystemVoidCosmosSystemKeyEventset_KeyCosmosSystemConsoleKeyEx', ID = '1324'
Method 'SystemVoidSystemCollectionsGenericQueue1CosmosSystemKeyEventSetCapacitySystemInt32', ID = '1325'
Method 'SystemVoidSystemTextEncodingctorSystemInt32', ID = '1327'
Method 'SystemVoidCosmosCore_PlugsSystemBufferImpl__MemmoveSystemBytepointerSystemBytepointerSystemUInt32', ID = '1328'
Method 'SystemVoidSystemTextUTF8Encodingcctor', ID = '1329'
Method 'SystemVoidSystemTextEncodingSetDefaultFallbacks', ID = '1330'
Method 'SystemTextEncoderFallbackSystemTextEncoderFallbackget_ReplacementFallback', ID = '1332'
Method 'SystemInt32SystemTextEncoderReplacementFallbackget_MaxCharCount', ID = '1333'
Method 'SystemBooleanSystemCharIsHighSurrogateSystemChar', ID = '1335'
Method 'SystemBooleanSystemCharIsLowSurrogateSystemChar', ID = '1336'
Method 'SystemInt32SystemCharConvertToUtf32SystemCharSystemChar', ID = '1337'
Method 'SystemVoidSystemTextEncoderFallbackBufferThrowLastCharRecursiveSystemInt32', ID = '1338'
Method 'SystemTextEncoderFallbackBufferSystemTextEncoderReplacementFallbackCreateFallbackBuffer', ID = '1341'
Method 'SystemTextEncoderFallbackBufferCosmosCore_PlugsSystemTextEncoderFallbackImplCreateFallbackBuffer', ID = '1342'
Method 'SystemVoidSystemTextEncoderFallbackBufferInternalReset', ID = '1344'
Method 'SystemVoidSystemTextEncodingThrowBytesOverflow', ID = '1345'
Method 'SystemVoidSystemTextEncoderNLSClearMustFlush', ID = '1346'
Method 'SystemVoidCosmosCore_PlugsMemoryOperationsMemoryOperationsImplCopySystemBytepointerSystemBytepointerSystemInt32', ID = '1347'
Method 'SystemStringSystemSRget_Format_InvalidGuidFormatSpecification', ID = '1349'
Method 'SystemInt32SystemGuidHexsToCharsSystemCharpointerSystemInt32SystemInt32', ID = '1350'
Method 'SystemInt32SystemGuidHexsToCharsHexOutputSystemCharpointerSystemInt32SystemInt32', ID = '1351'
Method 'SystemInt32SystemTextStringBuilderget_Capacity', ID = '1355'
Method 'SystemTextStringBuilderSystemTextStringBuilderClear', ID = '1356'
Method 'SystemVoidSystemTextStringBuilderctorSystemInt32', ID = '1357'
Method 'SystemVoidSystemTextStringBuilderAppendHelperSystemString', ID = '1358'
Method 'SystemStringSystemSRget_ArgumentOutOfRange_NegativeCount', ID = '1359'
Method 'SystemInt32SystemTextStringBuilderget_Length', ID = '1360'
Method 'SystemStringSystemSRget_ArgumentOutOfRange_LengthGreaterThanCapacity', ID = '1361'
Method 'SystemVoidSystemTextStringBuilderThreadSafeCopySystemCharpointerSystemChararraySystemInt32SystemInt32', ID = '1362'
Method 'SystemVoidSystemTextStringBuilderExpandByABlockSystemInt32', ID = '1363'
Method 'SystemVoidSystemTextStringBuilderCacheReleaseSystemTextStringBuilder', ID = '1364'
Method 'SystemVoidCosmosCore_PlugsSystemGlobalizationCultureInfoImplCCtor', ID = '1365'
Method 'SystemVoidCosmosCore_PlugsMemoryOperationsMemoryOperationsImplFillSystemBytepointerSystemInt32SystemInt32', ID = '1366'
Method 'SystemBooleanSystemCharIsWhiteSpaceLatin1SystemChar', ID = '1367'
Method 'SystemBooleanSystemGlobalizationCharUnicodeInfoIsWhiteSpaceSystemChar', ID = '1368'
Method 'SystemByteSystemGlobalizationCharUnicodeInfoInternalGetCategoryValueSystemInt32SystemInt32', ID = '1370'
Method 'SystemVoidSystemCollectionsGenericList1CosmosSystemKeyMappingAddWithResizeCosmosSystemKeyMapping', ID = '1372'
Method 'SystemVoidCosmosSystemKeyMappingctorSystemByteSystemCharSystemCharSystemCharSystemCharSystemCharSystemCharSystemCharSystemCharSystemCharSystemCharCosmosSystemConsoleKeyEx', ID = '1373'
Method 'SystemVoidCosmosSystemKeyMappingctorSystemByteSystemCharSystemCharSystemCharSystemCharSystemCharSystemCharSystemCharCosmosSystemConsoleKeyExCosmosSystemConsoleKeyEx', ID = '1374'
Method 'SystemVoidSystemCollectionsGenericList1CosmosSystemKeyMappingcctor', ID = '1375'
Method 'SystemVoidSystemTextASCIIEncodingSetDefaultFallbacks', ID = '1385'
Method 'SystemVoidSystemTextUTF8EncodingSetDefaultFallbacks', ID = '1386'
Method 'SystemVoidSystemTextInternalEncoderBestFitFallbackctorSystemTextEncoding', ID = '1387'
Method 'SystemVoidSystemTextInternalDecoderBestFitFallbackctorSystemTextEncoding', ID = '1388'
Method 'SystemVoidSystemThreadingMonitorEnterSystemObjectSystemBoolean', ID = '1391'
Method 'SystemVoidSystemTextEncoderReplacementFallbackctor', ID = '1392'
Method 'SystemStringSystemSRget_ArgumentOutOfRange_InvalidHighSurrogate', ID = '1394'
Method 'SystemStringSystemSRget_ArgumentOutOfRange_InvalidLowSurrogate', ID = '1395'
Method 'SystemStringSystemSRget_Argument_RecursiveFallback', ID = '1396'
Method 'SystemVoidSystemTextEncoderReplacementFallbackBufferctorSystemTextEncoderReplacementFallback', ID = '1397'
Method 'SystemVoidSystemTextEncoderFallbackBufferReset', ID = '1399'
Method 'SystemStringSystemSRget_Argument_EncodingConversionOverflowBytes', ID = '1400'
Method 'SystemVoidCosmosCore_PlugsMemoryOperationsMemoryOperationsImplCopyTinySystemBytepointerSystemBytepointerSystemInt32', ID = '1402'
Method 'SystemInt32SystemMathDivRemSystemInt32SystemInt32SystemInt32', ID = '1403'
Method 'SystemVoidCosmosCore_PlugsMemoryOperationsMemoryOperationsImplCopy128BlocksSystemBytepointerSystemBytepointerSystemInt32', ID = '1404'
Method 'SystemCharSystemGuidHexToCharSystemInt32', ID = '1405'
Method 'SystemStringSystemTextStringBuilderToString', ID = '1406'
Method 'SystemVoidSystemTextStringBuilderset_LengthSystemInt32', ID = '1407'
Method 'SystemVoidSystemTextStringBuilderctorSystemInt32SystemInt32', ID = '1408'
Method 'SystemStringSystemSRget_ArgumentOutOfRange_SmallCapacity', ID = '1409'
Method 'SystemInt32SystemMathMinSystemInt32SystemInt32', ID = '1410'
Method 'SystemInt32SystemMathMaxSystemInt32SystemInt32', ID = '1411'
Method 'SystemVoidSystemTextStringBuilderctorSystemTextStringBuilder', ID = '1412'
Method 'SystemVoidCosmosCore_PlugsMemoryOperationsMemoryOperationsImplFill16BlocksSystemBytepointerSystemInt32SystemInt32', ID = '1413'
Method 'SystemVoidCosmosCore_PlugsSystemCharUnicodeInfoImplCctor', ID = '1414'
Method 'SystemVoidSystemCollectionsGenericList1CosmosSystemKeyMappingEnsureCapacitySystemInt32', ID = '1417'
Method 'SystemVoidCosmosSystemKeyMappingctorSystemByteSystemCharSystemCharSystemCharSystemCharSystemCharSystemCharSystemCharSystemCharSystemCharSystemCharCosmosSystemConsoleKeyExCosmosSystemConsoleKeyEx', ID = '1418'
Method 'SystemTextDecoderFallbackSystemTextDecoderFallbackget_ReplacementFallback', ID = '1419'
Method 'SystemTextEncoderFallbackSystemTextEncoderFallbackget_ExceptionFallback', ID = '1420'
Method 'SystemTextDecoderFallbackSystemTextDecoderFallbackget_ExceptionFallback', ID = '1421'
Method 'SystemVoidSystemTextEncoderReplacementFallbackctorSystemString', ID = '1422'
Method 'SystemVoidSystemTextDecoderReplacementFallbackctorSystemString', ID = '1423'
Method 'SystemVoidSystemTextEncoderFallbackctor', ID = '1425'
Method 'SystemVoidSystemTextDecoderFallbackctor', ID = '1427'
Method 'SystemObjectCosmosCore_PlugsSystemTextEncoderFallbackImplget_InternalSyncObject', ID = '1429'
Method 'SystemVoidSystemThreadingMonitorThrowLockTakenException', ID = '1432'
Method 'SystemVoidCosmosCore_PlugsSystemThreadingMonitorImplExitSystemObject', ID = '1434'
Method 'SystemVoidSystemTextEncoderFallbackBufferctor', ID = '1436'
Method 'SystemVoidSystemTextEncoderReplacementFallbackBufferReset', ID = '1437'
Method 'SystemVoidCosmosCore_PlugsMemoryOperationsMemoryOperationsImplCopy64BytesSystemBytepointerSystemBytepointer', ID = '1438'
Method 'SystemVoidCosmosCore_PlugsMemoryOperationsMemoryOperationsImplCopy16BytesSystemBytepointerSystemBytepointer', ID = '1439'
Method 'SystemVoidCosmosCore_PlugsMemoryOperationsMemoryOperationsImplCopy32BytesSystemBytepointerSystemBytepointer', ID = '1440'
Method 'SystemVoidCosmosCore_PlugsMemoryOperationsMemoryOperationsImplCopy128BytesSystemBytepointerSystemBytepointer', ID = '1441'
Method 'SystemInt32SystemTextStringBuilderget_MaxCapacity', ID = '1443'
Method 'SystemTextStringBuilderSystemTextStringBuilderAppendSystemCharSystemInt32', ID = '1444'
Method 'SystemTextStringBuilderSystemTextStringBuilderFindChunkForIndexSystemInt32', ID = '1445'
Method 'SystemStringSystemSRget_ArgumentOutOfRange_Capacity', ID = '1446'
Method 'SystemStringSystemSRget_ArgumentOutOfRange_SmallMaxCapacity', ID = '1447'
Method 'SystemStringSystemSRget_ArgumentOutOfRange_MustBePositive', ID = '1448'
Method 'SystemVoidSystemCollectionsGenericList1CosmosSystemKeyMappingset_CapacitySystemInt32', ID = '1450'
Method 'SystemVoidSystemTextDecoderReplacementFallbackctor', ID = '1453'
Method 'SystemVoidSystemTextEncoderExceptionFallbackctor', ID = '1455'
Method 'SystemVoidSystemTextDecoderExceptionFallbackctor', ID = '1457'
Method 'SystemBooleanSystemCharIsSurrogateSystemStringSystemInt32', ID = '1458'
Method 'SystemBooleanSystemCharIsHighSurrogateSystemStringSystemInt32', ID = '1459'
Method 'SystemStringSystemSRget_Argument_InvalidCharSequenceNoIndex', ID = '1460'
Method 'SystemInt32SystemTextInternalEncoderBestFitFallbackget_MaxCharCount', ID = '1462'
Method 'SystemStringSystemSRget_Argument_MustBeFalse', ID = '1464'
Method 'SystemVoidCosmosCore_PlugsSystemThreadingMonitorImplReliableEnterSystemObjectSystemBoolean', ID = '1465'
Method 'SystemInt32SystemTextEncoderReplacementFallbackBufferget_Remaining', ID = '1467'
Method 'SystemBooleanSystemTextEncoderReplacementFallbackBufferMovePrevious', ID = '1468'
Method 'SystemBooleanSystemTextEncoderReplacementFallbackBufferFallbackSystemCharSystemCharSystemInt32', ID = '1469'
Method 'SystemBooleanSystemTextEncoderReplacementFallbackBufferFallbackSystemCharSystemInt32', ID = '1470'
Method 'SystemCharSystemTextEncoderReplacementFallbackBufferGetNextChar', ID = '1471'
Method 'SystemVoidSystemMathcctor', ID = '1472'
Method 'SystemObjectCosmosCore_PlugsSystemTextDecoderFallbackImplget_InternalSyncObject', ID = '1473'
Method 'SystemBooleanSystemCharIsSurrogateSystemChar', ID = '1476'
Method 'SystemTextEncoderFallbackBufferCosmosCore_PlugsSystemTextInternalEncoderBestFitFallbackImplCreateFallbackBuffer', ID = '1477'
Method 'SystemStringSystemSRget_ArgumentOutOfRange_Range', ID = '1478'
Method 'SystemInt32SystemTextEncoderExceptionFallbackget_MaxCharCount', ID = '1483'
Method 'SystemTextEncoderFallbackBufferSystemTextEncoderExceptionFallbackCreateFallbackBuffer', ID = '1484'
Method 'SystemVoidSystemTextEncoderExceptionFallbackBufferctor', ID = '1486'
Method 'SystemInt32SystemTextEncoderExceptionFallbackBufferget_Remaining', ID = '1488'
Method 'SystemBooleanSystemTextEncoderExceptionFallbackBufferMovePrevious', ID = '1489'
Method 'SystemBooleanSystemTextEncoderExceptionFallbackBufferFallbackSystemCharSystemCharSystemInt32', ID = '1490'
Method 'SystemBooleanSystemTextEncoderExceptionFallbackBufferFallbackSystemCharSystemInt32', ID = '1491'
Method 'SystemCharSystemTextEncoderExceptionFallbackBufferGetNextChar', ID = '1492'
Method 'SystemStringSystemSRget_Argument_InvalidCodePageConversionIndex', ID = '1493'
Method 'SystemVoidSystemTextEncoderFallbackExceptionctorSystemStringSystemCharSystemCharSystemInt32', ID = '1494'
Method 'SystemVoidSystemTextEncoderFallbackExceptionctorSystemStringSystemCharSystemInt32', ID = '1495'
